\BOOKMARK [1][-]{section.1}{General\040Problem}{}% 1
\BOOKMARK [2][-]{subsection.1.1}{Problem\040Description}{section.1}% 2
\BOOKMARK [2][-]{subsection.1.2}{Solution}{section.1}% 3
\BOOKMARK [1][-]{section.2}{Simulation}{}% 4
\BOOKMARK [2][-]{subsection.2.1}{Using\040MATLAB\040Built-in\040ODE\040Solver}{section.2}% 5
\BOOKMARK [3][-]{subsubsection.2.1.1}{Usage}{subsection.2.1}% 6
\BOOKMARK [3][-]{subsubsection.2.1.2}{Code}{subsection.2.1}% 7
\BOOKMARK [2][-]{subsection.2.2}{State-space\040Model}{section.2}% 8
\BOOKMARK [3][-]{subsubsection.2.2.1}{Method}{subsection.2.2}% 9
\BOOKMARK [3][-]{subsubsection.2.2.2}{Code}{subsection.2.2}% 10
\BOOKMARK [2][-]{subsection.2.3}{Tranfer\040Function\040Model}{section.2}% 11
\BOOKMARK [3][-]{subsubsection.2.3.1}{Method}{subsection.2.3}% 12
\BOOKMARK [3][-]{subsubsection.2.3.2}{Code}{subsection.2.3}% 13
\BOOKMARK [2][-]{subsection.2.4}{Simulink\040Model}{section.2}% 14
\BOOKMARK [3][-]{subsubsection.2.4.1}{Method}{subsection.2.4}% 15
\BOOKMARK [3][-]{subsubsection.2.4.2}{Model}{subsection.2.4}% 16
\BOOKMARK [3][-]{subsubsection.2.4.3}{Normal\040Case}{subsection.2.4}% 17
\BOOKMARK [3][-]{subsubsection.2.4.4}{Changing\040Initial\040Condition}{subsection.2.4}% 18
\BOOKMARK [3][-]{subsubsection.2.4.5}{Changing\040Source\040to\040Square\040Wave}{subsection.2.4}% 19
\BOOKMARK [1][-]{section.3}{Comparison\040of\040Different\040Methods}{}% 20
\BOOKMARK [2][-]{subsection.3.1}{Which...Non-linear?}{section.3}% 21
\BOOKMARK [2][-]{subsection.3.2}{Which...Initial\040States?}{section.3}% 22
\BOOKMARK [2][-]{subsection.3.3}{Additional\040Advantages\040and\040Disadvantages}{section.3}% 23
